{"uid":"4003153fa1b8e9ba","name":"test_login_success","fullName":"tests.test_login#test_login_success","historyId":"86600b41e86dab7ca99f472fa61e4b05","time":{"start":1750916352337,"stop":1750916355278,"duration":2941},"status":"broken","statusMessage":"selenium.common.exceptions.NoSuchElementException: Message: no such element: Unable to locate element: {\"method\":\"css selector\",\"selector\":\"[name=\"username\"]\"}\n  (Session info: chrome=138.0.7204.49); For documentation on this error, please visit: https://www.selenium.dev/documentation/webdriver/troubleshooting/errors#no-such-element-exception\nStacktrace:\n#0 0x632fcb6de26a <unknown>\n#1 0x632fcb188ab0 <unknown>\n#2 0x632fcb1da6f0 <unknown>\n#3 0x632fcb1da8e1 <unknown>\n#4 0x632fcb228b94 <unknown>\n#5 0x632fcb2001cd <unknown>\n#6 0x632fcb225fee <unknown>\n#7 0x632fcb1fff73 <unknown>\n#8 0x632fcb1ccaeb <unknown>\n#9 0x632fcb1cd751 <unknown>\n#10 0x632fcb6a2b7b <unknown>\n#11 0x632fcb6a6959 <unknown>\n#12 0x632fcb689959 <unknown>\n#13 0x632fcb6a7518 <unknown>\n#14 0x632fcb66e10f <unknown>\n#15 0x632fcb6cb918 <unknown>\n#16 0x632fcb6cbaf6 <unknown>\n#17 0x632fcb6dd586 <unknown>\n#18 0x703a3245eaa4 <unknown>\n#19 0x703a324ebc3c <unknown>","statusTrace":"driver = <selenium.webdriver.chrome.webdriver.WebDriver (session=\"fa6a637d36015a579382925b246759be\")>\n\n    def test_login_success(driver):\n        driver.get(\"https://opensource-demo.orangehrmlive.com/\")\n>       driver.find_element(\"name\", \"username\").send_keys(\"Admin\")\n        ^^^^^^^^^^^^^^^^^^^^^^^^^^^^^^^^^^^^^^^\n\ntests/test_login.py:3: \n_ _ _ _ _ _ _ _ _ _ _ _ _ _ _ _ _ _ _ _ _ _ _ _ _ _ _ _ _ _ _ _ _ _ _ _ _ _ _ _ _ _ _ _ _ _ _\nvenv/lib/python3.12/site-packages/selenium/webdriver/remote/webdriver.py:914: in find_element\n    return self.execute(Command.FIND_ELEMENT, {\"using\": by, \"value\": value})[\"value\"]\n           ^^^^^^^^^^^^^^^^^^^^^^^^^^^^^^^^^^^^^^^^^^^^^^^^^^^^^^^^^^^^^^^^^\nvenv/lib/python3.12/site-packages/selenium/webdriver/remote/webdriver.py:447: in execute\n    self.error_handler.check_response(response)\n_ _ _ _ _ _ _ _ _ _ _ _ _ _ _ _ _ _ _ _ _ _ _ _ _ _ _ _ _ _ _ _ _ _ _ _ _ _ _ _ _ _ _ _ _ _ _\n\nself = <selenium.webdriver.remote.errorhandler.ErrorHandler object at 0x7e5f55ecb110>\nresponse = {'status': 404, 'value': '{\"value\":{\"error\":\"no such element\",\"message\":\"no such element: Unable to locate element: {\\...\\\\n#17 0x632fcb6dd586 \\\\u003Cunknown>\\\\n#18 0x703a3245eaa4 \\\\u003Cunknown>\\\\n#19 0x703a324ebc3c \\\\u003Cunknown>\\\\n\"}}'}\n\n    def check_response(self, response: Dict[str, Any]) -> None:\n        \"\"\"Checks that a JSON response from the WebDriver does not have an\n        error.\n    \n        :Args:\n         - response - The JSON response from the WebDriver server as a dictionary\n           object.\n    \n        :Raises: If the response contains an error message.\n        \"\"\"\n        status = response.get(\"status\", None)\n        if not status or status == ErrorCode.SUCCESS:\n            return\n        value = None\n        message = response.get(\"message\", \"\")\n        screen: str = response.get(\"screen\", \"\")\n        stacktrace = None\n        if isinstance(status, int):\n            value_json = response.get(\"value\", None)\n            if value_json and isinstance(value_json, str):\n                import json\n    \n                try:\n                    value = json.loads(value_json)\n                    if len(value) == 1:\n                        value = value[\"value\"]\n                    status = value.get(\"error\", None)\n                    if not status:\n                        status = value.get(\"status\", ErrorCode.UNKNOWN_ERROR)\n                        message = value.get(\"value\") or value.get(\"message\")\n                        if not isinstance(message, str):\n                            value = message\n                            message = message.get(\"message\")\n                    else:\n                        message = value.get(\"message\", None)\n                except ValueError:\n                    pass\n    \n        exception_class: Type[WebDriverException]\n        e = ErrorCode()\n        error_codes = [item for item in dir(e) if not item.startswith(\"__\")]\n        for error_code in error_codes:\n            error_info = getattr(ErrorCode, error_code)\n            if isinstance(error_info, list) and status in error_info:\n                exception_class = getattr(ExceptionMapping, error_code, WebDriverException)\n                break\n        else:\n            exception_class = WebDriverException\n    \n        if not value:\n            value = response[\"value\"]\n        if isinstance(value, str):\n            raise exception_class(value)\n        if message == \"\" and \"message\" in value:\n            message = value[\"message\"]\n    \n        screen = None  # type: ignore[assignment]\n        if \"screen\" in value:\n            screen = value[\"screen\"]\n    \n        stacktrace = None\n        st_value = value.get(\"stackTrace\") or value.get(\"stacktrace\")\n        if st_value:\n            if isinstance(st_value, str):\n                stacktrace = st_value.split(\"\\n\")\n            else:\n                stacktrace = []\n                try:\n                    for frame in st_value:\n                        line = frame.get(\"lineNumber\", \"\")\n                        file = frame.get(\"fileName\", \"<anonymous>\")\n                        if line:\n                            file = f\"{file}:{line}\"\n                        meth = frame.get(\"methodName\", \"<anonymous>\")\n                        if \"className\" in frame:\n                            meth = f\"{frame['className']}.{meth}\"\n                        msg = \"    at %s (%s)\"\n                        msg = msg % (meth, file)\n                        stacktrace.append(msg)\n                except TypeError:\n                    pass\n        if exception_class == UnexpectedAlertPresentException:\n            alert_text = None\n            if \"data\" in value:\n                alert_text = value[\"data\"].get(\"text\")\n            elif \"alert\" in value:\n                alert_text = value[\"alert\"].get(\"text\")\n            raise exception_class(message, screen, stacktrace, alert_text)  # type: ignore[call-arg]  # mypy is not smart enough here\n>       raise exception_class(message, screen, stacktrace)\nE       selenium.common.exceptions.NoSuchElementException: Message: no such element: Unable to locate element: {\"method\":\"css selector\",\"selector\":\"[name=\"username\"]\"}\nE         (Session info: chrome=138.0.7204.49); For documentation on this error, please visit: https://www.selenium.dev/documentation/webdriver/troubleshooting/errors#no-such-element-exception\nE       Stacktrace:\nE       #0 0x632fcb6de26a <unknown>\nE       #1 0x632fcb188ab0 <unknown>\nE       #2 0x632fcb1da6f0 <unknown>\nE       #3 0x632fcb1da8e1 <unknown>\nE       #4 0x632fcb228b94 <unknown>\nE       #5 0x632fcb2001cd <unknown>\nE       #6 0x632fcb225fee <unknown>\nE       #7 0x632fcb1fff73 <unknown>\nE       #8 0x632fcb1ccaeb <unknown>\nE       #9 0x632fcb1cd751 <unknown>\nE       #10 0x632fcb6a2b7b <unknown>\nE       #11 0x632fcb6a6959 <unknown>\nE       #12 0x632fcb689959 <unknown>\nE       #13 0x632fcb6a7518 <unknown>\nE       #14 0x632fcb66e10f <unknown>\nE       #15 0x632fcb6cb918 <unknown>\nE       #16 0x632fcb6cbaf6 <unknown>\nE       #17 0x632fcb6dd586 <unknown>\nE       #18 0x703a3245eaa4 <unknown>\nE       #19 0x703a324ebc3c <unknown>\n\nvenv/lib/python3.12/site-packages/selenium/webdriver/remote/errorhandler.py:232: NoSuchElementException","flaky":false,"newFailed":false,"newBroken":false,"newPassed":false,"retriesCount":0,"retriesStatusChange":false,"beforeStages":[{"name":"driver","time":{"start":1750916350058,"stop":1750916352336,"duration":2278},"status":"passed","steps":[],"attachments":[],"parameters":[],"shouldDisplayMessage":false,"stepsCount":0,"attachmentsCount":0,"hasContent":false,"attachmentStep":false}],"afterStages":[{"name":"driver::0","time":{"start":1750916355354,"stop":1750916355436,"duration":82},"status":"passed","steps":[],"attachments":[],"parameters":[],"shouldDisplayMessage":false,"stepsCount":0,"attachmentsCount":0,"hasContent":false,"attachmentStep":false}],"labels":[{"name":"parentSuite","value":"tests"},{"name":"suite","value":"test_login"},{"name":"host","value":"codespaces-194276"},{"name":"thread","value":"15584-MainThread"},{"name":"framework","value":"pytest"},{"name":"language","value":"cpython3"},{"name":"package","value":"tests.test_login"},{"name":"resultFormat","value":"allure2"}],"parameters":[],"links":[],"hidden":true,"retry":true,"extra":{"categories":[],"tags":[]},"source":"4003153fa1b8e9ba.json","parameterValues":[]}