{"uid":"a019bd8645447eb1","name":"test_login_success","fullName":"tests.test_login#test_login_success","historyId":"86600b41e86dab7ca99f472fa61e4b05","time":{"start":1751004054144,"stop":1751004058846,"duration":4702},"status":"passed","flaky":false,"newFailed":false,"newBroken":false,"newPassed":false,"retriesCount":6,"retriesStatusChange":true,"beforeStages":[{"name":"driver","time":{"start":1751004050851,"stop":1751004054144,"duration":3293},"status":"passed","steps":[],"attachments":[],"parameters":[],"shouldDisplayMessage":false,"stepsCount":0,"attachmentsCount":0,"hasContent":false,"attachmentStep":false}],"afterStages":[{"name":"driver::0","time":{"start":1751004058847,"stop":1751004058930,"duration":83},"status":"passed","steps":[],"attachments":[],"parameters":[],"shouldDisplayMessage":false,"stepsCount":0,"attachmentsCount":0,"hasContent":false,"attachmentStep":false}],"labels":[{"name":"parentSuite","value":"tests"},{"name":"suite","value":"test_login"},{"name":"host","value":"codespaces-194276"},{"name":"thread","value":"12793-MainThread"},{"name":"framework","value":"pytest"},{"name":"language","value":"cpython3"},{"name":"package","value":"tests.test_login"},{"name":"resultFormat","value":"allure2"}],"parameters":[],"links":[],"hidden":false,"retry":false,"extra":{"severity":"normal","retries":[{"uid":"c648c6f92fb90ba","status":"passed","time":{"start":1750916469126,"stop":1750916474045,"duration":4919}},{"uid":"2aedf9a051e5a7a","status":"broken","statusDetails":"selenium.common.exceptions.NoSuchElementException: Message: no such element: Unable to locate element: {\"method\":\"css selector\",\"selector\":\"[name=\"username\"]\"}\n  (Session info: chrome=138.0.7204.49); For documentation on this error, please visit: https://www.selenium.dev/documentation/webdriver/troubleshooting/errors#no-such-element-exception\nStacktrace:\n#0 0x632fcb6de26a <unknown>\n#1 0x632fcb188ab0 <unknown>\n#2 0x632fcb1da6f0 <unknown>\n#3 0x632fcb1da8e1 <unknown>\n#4 0x632fcb228b94 <unknown>\n#5 0x632fcb2001cd <unknown>\n#6 0x632fcb225fee <unknown>\n#7 0x632fcb1fff73 <unknown>\n#8 0x632fcb1ccaeb <unknown>\n#9 0x632fcb1cd751 <unknown>\n#10 0x632fcb6a2b7b <unknown>\n#11 0x632fcb6a6959 <unknown>\n#12 0x632fcb689959 <unknown>\n#13 0x632fcb6a7518 <unknown>\n#14 0x632fcb66e10f <unknown>\n#15 0x632fcb6cb918 <unknown>\n#16 0x632fcb6cbaf6 <unknown>\n#17 0x632fcb6dd586 <unknown>\n#18 0x703a3245eaa4 <unknown>\n#19 0x703a324ebc3c <unknown>","time":{"start":1750916352337,"stop":1750916355278,"duration":2941}},{"uid":"dbd3496528edcb4c","status":"broken","statusDetails":"selenium.common.exceptions.WebDriverException: Message: unknown error: cannot find Chrome binary\nStacktrace:\n#0 0x5c6b1e2b74e3 <unknown>\n#1 0x5c6b1dfe6c76 <unknown>\n#2 0x5c6b1e00d757 <unknown>\n#3 0x5c6b1e00c029 <unknown>\n#4 0x5c6b1e04accc <unknown>\n#5 0x5c6b1e04a47f <unknown>\n#6 0x5c6b1e041de3 <unknown>\n#7 0x5c6b1e0172dd <unknown>\n#8 0x5c6b1e01834e <unknown>\n#9 0x5c6b1e2773e4 <unknown>\n#10 0x5c6b1e27b3d7 <unknown>\n#11 0x5c6b1e285b20 <unknown>\n#12 0x5c6b1e27c023 <unknown>\n#13 0x5c6b1e24a1aa <unknown>\n#14 0x5c6b1e2a06b8 <unknown>\n#15 0x5c6b1e2a0847 <unknown>\n#16 0x5c6b1e2b0243 <unknown>\n#17 0x7c091b64baa4 <unknown>\n#18 0x7c091b6d8c3c <unknown>","time":{"start":1750916133046,"stop":1750916133046,"duration":0}},{"uid":"dd299366e3a7cf59","status":"broken","statusDetails":"_pytest.fixtures.FixtureLookupError: ('setup_browser', <FixtureRequest for <Function test_login_success>>)","time":{"start":1750915938548,"stop":1750915938548,"duration":0}},{"uid":"5f78d04087f830e4","status":"broken","statusDetails":"_pytest.fixtures.FixtureLookupError: ('setup_browser', <FixtureRequest for <Function test_login_success>>)","time":{"start":1750915863765,"stop":1750915863765,"duration":0}},{"uid":"92fd208bb7688480","status":"broken","statusDetails":"TypeError: WebDriver.__init__() got multiple values for argument 'options'","time":{"start":1750915764585,"stop":1750915764585,"duration":0}}],"categories":[],"tags":[]},"source":"a019bd8645447eb1.json","parameterValues":[]}